{"/home/rogerzzzz/Documents/project/logger-decorator/src/class-decorator.ts": {"path":"/home/rogerzzzz/Documents/project/logger-decorator/src/class-decorator.ts","statementMap":{"0":{"start":{"line":1,"column":0},"end":{"line":1,"column":64}},"1":{"start":{"line":3,"column":0},"end":{"line":3,"column":33}},"2":{"start":{"line":4,"column":0},"end":{"line":4,"column":55}},"3":{"start":{"line":6,"column":13},"end":{"line":20,"column":1}},"4":{"start":{"line":7,"column":13},"end":{"line":7,"column":44}},"5":{"start":{"line":8,"column":2},"end":{"line":19,"column":3}},"6":{"start":{"line":9,"column":4},"end":{"line":9,"column":31}},"7":{"start":{"line":9,"column":25},"end":{"line":9,"column":31}},"8":{"start":{"line":10,"column":4},"end":{"line":18,"column":6}},"9":{"start":{"line":11,"column":22},"end":{"line":11,"column":48}},"10":{"start":{"line":13,"column":6},"end":{"line":13,"column":42}},"11":{"start":{"line":13,"column":36},"end":{"line":13,"column":42}},"12":{"start":{"line":15,"column":28},"end":{"line":15,"column":85}},"13":{"start":{"line":16,"column":6},"end":{"line":16,"column":39}},"14":{"start":{"line":16,"column":33},"end":{"line":16,"column":39}},"15":{"start":{"line":17,"column":6},"end":{"line":17,"column":84}}},"fnMap":{"0":{"name":"(anonymous_2)","decl":{"start":{"line":6,"column":27},"end":{"line":6,"column":27}},"loc":{"start":{"line":6,"column":55},"end":{"line":20,"column":1}}},"1":{"name":"(anonymous_3)","decl":{"start":{"line":8,"column":9},"end":{"line":8,"column":9}},"loc":{"start":{"line":8,"column":21},"end":{"line":19,"column":3}}},"2":{"name":"(anonymous_4)","decl":{"start":{"line":10,"column":31},"end":{"line":10,"column":30}},"loc":{"start":{"line":10,"column":39},"end":{"line":18,"column":5}}}},"branchMap":{"0":{"loc":{"start":{"line":9,"column":4},"end":{"line":9,"column":31}},"type":"if","locations":[{"start":{"line":9,"column":4},"end":{"line":9,"column":31}},{"start":{"line":9,"column":4},"end":{"line":9,"column":31}}]},"1":{"loc":{"start":{"line":13,"column":6},"end":{"line":13,"column":42}},"type":"if","locations":[{"start":{"line":13,"column":6},"end":{"line":13,"column":42}},{"start":{"line":13,"column":6},"end":{"line":13,"column":42}}]},"2":{"loc":{"start":{"line":15,"column":43},"end":{"line":15,"column":73}},"type":"cond-expr","locations":[{"start":{"line":15,"column":43},"end":{"line":15,"column":73}},{"start":{"line":15,"column":78},"end":{"line":15,"column":85}}]},"3":{"loc":{"start":{"line":16,"column":6},"end":{"line":16,"column":39}},"type":"if","locations":[{"start":{"line":16,"column":6},"end":{"line":16,"column":39}},{"start":{"line":16,"column":6},"end":{"line":16,"column":39}}]}},"s":{"0":0,"1":0,"2":0,"3":0,"4":0,"5":0,"6":0,"7":0,"8":0,"9":0,"10":0,"11":0,"12":0,"13":0,"14":0,"15":0},"f":{"0":0,"1":0,"2":0},"b":{"0":[0,0],"1":[0,0],"2":[0,0],"3":[0,0]}}
,"/home/rogerzzzz/Documents/project/logger-decorator/src/function-decorator.ts": {"path":"/home/rogerzzzz/Documents/project/logger-decorator/src/function-decorator.ts","statementMap":{"0":{"start":{"line":1,"column":0},"end":{"line":1,"column":40}},"1":{"start":{"line":2,"column":0},"end":{"line":2,"column":66}},"2":{"start":{"line":4,"column":0},"end":{"line":4,"column":56}},"3":{"start":{"line":6,"column":21},"end":{"line":11,"column":1}},"4":{"start":{"line":7,"column":18},"end":{"line":7,"column":34}},"5":{"start":{"line":8,"column":2},"end":{"line":8,"column":24}},"6":{"start":{"line":9,"column":2},"end":{"line":9,"column":28}},"7":{"start":{"line":10,"column":2},"end":{"line":10,"column":19}},"8":{"start":{"line":13,"column":13},"end":{"line":17,"column":1}},"9":{"start":{"line":14,"column":2},"end":{"line":16,"column":3}},"10":{"start":{"line":15,"column":4},"end":{"line":15,"column":80}},"11":{"start":{"line":19,"column":13},"end":{"line":23,"column":1}},"12":{"start":{"line":20,"column":2},"end":{"line":22,"column":3}},"13":{"start":{"line":21,"column":4},"end":{"line":21,"column":61}},"14":{"start":{"line":25,"column":13},"end":{"line":33,"column":1}},"15":{"start":{"line":26,"column":15},"end":{"line":26,"column":45}},"16":{"start":{"line":27,"column":2},"end":{"line":32,"column":3}},"17":{"start":{"line":28,"column":4},"end":{"line":28,"column":42}},"18":{"start":{"line":28,"column":25},"end":{"line":28,"column":42}},"19":{"start":{"line":29,"column":20},"end":{"line":29,"column":36}},"20":{"start":{"line":30,"column":4},"end":{"line":30,"column":62}},"21":{"start":{"line":31,"column":4},"end":{"line":31,"column":21}}},"fnMap":{"0":{"name":"(anonymous_2)","decl":{"start":{"line":6,"column":21},"end":{"line":6,"column":21}},"loc":{"start":{"line":6,"column":64},"end":{"line":11,"column":1}}},"1":{"name":"(anonymous_3)","decl":{"start":{"line":13,"column":26},"end":{"line":13,"column":26}},"loc":{"start":{"line":13,"column":57},"end":{"line":17,"column":1}}},"2":{"name":"(anonymous_4)","decl":{"start":{"line":14,"column":9},"end":{"line":14,"column":17}},"loc":{"start":{"line":14,"column":60},"end":{"line":16,"column":3}}},"3":{"name":"(anonymous_5)","decl":{"start":{"line":19,"column":29},"end":{"line":null,"column":-1}},"loc":{"start":{"line":19,"column":29},"end":{"line":23,"column":1}}},"4":{"name":"(anonymous_6)","decl":{"start":{"line":20,"column":9},"end":{"line":20,"column":17}},"loc":{"start":{"line":20,"column":60},"end":{"line":22,"column":3}}},"5":{"name":"(anonymous_7)","decl":{"start":{"line":25,"column":22},"end":{"line":25,"column":22}},"loc":{"start":{"line":25,"column":53},"end":{"line":33,"column":1}}},"6":{"name":"(anonymous_8)","decl":{"start":{"line":27,"column":9},"end":{"line":27,"column":17}},"loc":{"start":{"line":27,"column":60},"end":{"line":32,"column":3}}}},"branchMap":{"0":{"loc":{"start":{"line":15,"column":29},"end":{"line":15,"column":39}},"type":"cond-expr","locations":[{"start":{"line":15,"column":29},"end":{"line":15,"column":39}},{"start":{"line":15,"column":42},"end":{"line":15,"column":80}}]},"1":{"loc":{"start":{"line":28,"column":4},"end":{"line":28,"column":42}},"type":"if","locations":[{"start":{"line":28,"column":4},"end":{"line":28,"column":42}},{"start":{"line":28,"column":4},"end":{"line":28,"column":42}}]}},"s":{"0":0,"1":0,"2":0,"3":0,"4":0,"5":0,"6":0,"7":0,"8":0,"9":0,"10":0,"11":0,"12":0,"13":0,"14":0,"15":0,"16":0,"17":0,"18":0,"19":0,"20":0,"21":0},"f":{"0":0,"1":0,"2":0,"3":0,"4":0,"5":0,"6":0},"b":{"0":[0,0],"1":[0,0]}}
,"/home/rogerzzzz/Documents/project/logger-decorator/src/index.ts": {"path":"/home/rogerzzzz/Documents/project/logger-decorator/src/index.ts","statementMap":{"0":{"start":{"line":1,"column":0},"end":{"line":7,"column":26}},"1":{"start":{"line":12,"column":0},"end":{"line":59,"column":0}},"2":{"start":{"line":17,"column":4},"end":{"line":17,"column":16}},"3":{"start":{"line":18,"column":4},"end":{"line":18,"column":16}},"4":{"start":{"line":24,"column":2},"end":{"line":26,"column":3}},"5":{"start":{"line":25,"column":4},"end":{"line":25,"column":23}},"6":{"start":{"line":33,"column":2},"end":{"line":35,"column":3}},"7":{"start":{"line":34,"column":4},"end":{"line":34,"column":23}},"8":{"start":{"line":38,"column":2},"end":{"line":40,"column":3}},"9":{"start":{"line":39,"column":4},"end":{"line":39,"column":18}},"10":{"start":{"line":44,"column":2},"end":{"line":46,"column":3}},"11":{"start":{"line":45,"column":4},"end":{"line":45,"column":24}},"12":{"start":{"line":52,"column":2},"end":{"line":58,"column":3}},"13":{"start":{"line":53,"column":16},"end":{"line":53,"column":17}},"14":{"start":{"line":54,"column":4},"end":{"line":56,"column":5}},"15":{"start":{"line":55,"column":6},"end":{"line":55,"column":14}},"16":{"start":{"line":57,"column":4},"end":{"line":57,"column":16}},"17":{"start":{"line":12,"column":6},"end":{"line":59,"column":1}},"18":{"start":{"line":59,"column":0},"end":{"line":59,"column":1}},"19":{"start":{"line":61,"column":14},"end":{"line":61,"column":39}},"20":{"start":{"line":62,"column":0},"end":{"line":62,"column":17}},"21":{"start":{"line":63,"column":0},"end":{"line":63,"column":18}},"22":{"start":{"line":64,"column":0},"end":{"line":64,"column":19}},"23":{"start":{"line":65,"column":0},"end":{"line":65,"column":12}},"24":{"start":{"line":70,"column":2},"end":{"line":70,"column":14}},"25":{"start":{"line":73,"column":12},"end":{"line":75,"column":8}},"26":{"start":{"line":78,"column":0},"end":{"line":78,"column":18}}},"fnMap":{"0":{"name":"(anonymous_2)","decl":{"start":{"line":12,"column":0},"end":{"line":null,"column":-1}},"loc":{"start":{"line":12,"column":0},"end":{"line":12,"column":-1}}},"1":{"name":"Index","decl":{"start":{"line":16,"column":2},"end":{"line":16,"column":13}},"loc":{"start":{"line":16,"column":36},"end":{"line":19,"column":3}}},"2":{"name":"(anonymous_4)","decl":{"start":{"line":24,"column":2},"end":{"line":24,"column":5}},"loc":{"start":{"line":24,"column":16},"end":{"line":26,"column":3}}},"3":{"name":"(anonymous_5)","decl":{"start":{"line":33,"column":2},"end":{"line":33,"column":6}},"loc":{"start":{"line":33,"column":17},"end":{"line":35,"column":3}}},"4":{"name":"(anonymous_6)","decl":{"start":{"line":38,"column":2},"end":{"line":null,"column":-1}},"loc":{"start":{"line":38,"column":2},"end":{"line":40,"column":3}}},"5":{"name":"(anonymous_7)","decl":{"start":{"line":44,"column":2},"end":{"line":null,"column":-1}},"loc":{"start":{"line":44,"column":2},"end":{"line":46,"column":3}}},"6":{"name":"(anonymous_8)","decl":{"start":{"line":52,"column":2},"end":{"line":null,"column":-1}},"loc":{"start":{"line":52,"column":2},"end":{"line":58,"column":3}}},"7":{"name":"add2","decl":{"start":{"line":69,"column":9},"end":{"line":69,"column":13}},"loc":{"start":{"line":69,"column":34},"end":{"line":71,"column":1}}}},"branchMap":{},"s":{"0":0,"1":0,"2":0,"3":0,"4":0,"5":0,"6":0,"7":0,"8":0,"9":0,"10":0,"11":0,"12":0,"13":0,"14":0,"15":0,"16":0,"17":0,"18":0,"19":0,"20":0,"21":0,"22":0,"23":0,"24":0,"25":0,"26":0},"f":{"0":0,"1":0,"2":0,"3":0,"4":0,"5":0,"6":0,"7":0},"b":{}}
,"/home/rogerzzzz/Documents/project/logger-decorator/src/logger-decorator.ts": {"path":"/home/rogerzzzz/Documents/project/logger-decorator/src/logger-decorator.ts","statementMap":{"0":{"start":{"line":1,"column":0},"end":{"line":1,"column":72}},"1":{"start":{"line":8,"column":2},"end":{"line":8,"column":15}},"2":{"start":{"line":7,"column":2},"end":{"line":7,"column":12}},"3":{"start":{"line":9,"column":2},"end":{"line":9,"column":8}},"4":{"start":{"line":2,"column":0},"end":{"line":2,"column":47}},"5":{"start":{"line":6,"column":2},"end":{"line":6,"column":13}},"6":{"start":{"line":3,"column":0},"end":{"line":3,"column":48}},"7":{"start":{"line":10,"column":2},"end":{"line":10,"column":13}}},"fnMap":{},"branchMap":{},"s":{"0":0,"1":0,"2":0,"3":0,"4":0,"5":0,"6":0,"7":0},"f":{},"b":{}}
,"/home/rogerzzzz/Documents/project/logger-decorator/src/normal-decorator.ts": {"path":"/home/rogerzzzz/Documents/project/logger-decorator/src/normal-decorator.ts","statementMap":{"0":{"start":{"line":2,"column":0},"end":{"line":2,"column":66}},"1":{"start":{"line":3,"column":0},"end":{"line":3,"column":56}},"2":{"start":{"line":5,"column":13},"end":{"line":15,"column":1}},"3":{"start":{"line":6,"column":15},"end":{"line":6,"column":45}},"4":{"start":{"line":7,"column":2},"end":{"line":14,"column":3}},"5":{"start":{"line":7,"column":10},"end":{"line":7,"column":28}},"6":{"start":{"line":7,"column":10},"end":{"line":7,"column":29}},"7":{"start":{"line":8,"column":4},"end":{"line":13,"column":10}},"8":{"start":{"line":9,"column":23},"end":{"line":9,"column":30}},"9":{"start":{"line":10,"column":6},"end":{"line":10,"column":49}},"10":{"start":{"line":11,"column":6},"end":{"line":11,"column":27}},"11":{"start":{"line":12,"column":6},"end":{"line":12,"column":19}}},"fnMap":{"0":{"name":"(anonymous_2)","decl":{"start":{"line":5,"column":27},"end":{"line":5,"column":27}},"loc":{"start":{"line":5,"column":58},"end":{"line":15,"column":1}}},"1":{"name":"(anonymous_3)","decl":{"start":{"line":7,"column":9},"end":{"line":null,"column":-1}},"loc":{"start":{"line":7,"column":9},"end":{"line":14,"column":3}}},"2":{"name":"(anonymous_4)","decl":{"start":{"line":8,"column":23},"end":{"line":8,"column":31}},"loc":{"start":{"line":8,"column":57},"end":{"line":13,"column":5}}}},"branchMap":{},"s":{"0":0,"1":0,"2":0,"3":0,"4":0,"5":0,"6":0,"7":0,"8":0,"9":0,"10":0,"11":0},"f":{"0":0,"1":0,"2":0},"b":{}}
}
